Arguments: 
  C:\Program Files\nodejs\node.exe C:\Users\versa\AppData\Roaming\npm\node_modules\yarn\bin\yarn.js install

PATH: 
  C:\Python310\Scripts\;C:\Python310\;C:\WINDOWS\system32;C:\WINDOWS;C:\WINDOWS\System32\Wbem;C:\WINDOWS\System32\WindowsPowerShell\v1.0\;C:\WINDOWS\System32\OpenSSH\;C:\Program Files\Git\cmd;C:\ProgramData\chocolatey\bin;C:\Program Files\nodejs\;C:\Program Files\Go\bin;C:\Users\versa\AppData\Local\Microsoft\WindowsApps;C:\Users\versa\AppData\Local\Programs\Microsoft VS Code\bin;C:\Users\versa\AppData\Roaming\npm;C:\Users\versa\go\bin

Yarn version: 
  1.22.19

Node version: 
  16.17.0

Platform: 
  win32 x64

Trace: 
  SyntaxError: D:\code\fireExp\package.json: Unexpected token } in JSON at position 441
      at JSON.parse (<anonymous>)
      at C:\Users\versa\AppData\Roaming\npm\node_modules\yarn\lib\cli.js:1629:59
      at Generator.next (<anonymous>)
      at step (C:\Users\versa\AppData\Roaming\npm\node_modules\yarn\lib\cli.js:310:30)
      at C:\Users\versa\AppData\Roaming\npm\node_modules\yarn\lib\cli.js:321:13

npm manifest: 
  {
    "name": "fireExp",
    "version": "0.1.0",
    "main": "index.ts",
    "license": "MIT",
    "scripts": {
      "dev": "nodemon server.ts"
    },
    "dependencies": {
      "express": "^4.18.2"
    },
    "devDependencies": {
      "@types/express": "^4.17.15",
      "@types/node": "^18.11.17",
      "dotenv": "^16.0.3",
      "firebase-admin": "^11.4.0",
      "log4js": "^6.7.1",
      "nodemon": "^2.0.20",
      "ts-node": "^10.9.1",
      "typescript": "^4.9.4",
    }
  }

yarn manifest: 
  No manifest

Lockfile: 
  No lockfile
